#
# A fatal error has been detected by the Java Runtime Environment:
#
#  EXCEPTION_ACCESS_VIOLATION (0xc0000005) at pc=0x00000001a1945267, pid=12572, tid=10392
#
# JRE version: OpenJDK Runtime Environment (11.0.8+10) (build 11.0.8+10-b944.6842174)
# Java VM: OpenJDK 64-Bit Server VM (11.0.8+10-b944.6842174, mixed mode, tiered, compressed oops, g1 gc, windows-amd64)
# Problematic frame:
# C  0x00000001a1945267
#
# No core dump will be written. Minidumps are not enabled by default on client versions of Windows
#
# If you would like to submit a bug report, please visit:
#   https://bugreport.java.com/bugreport/crash.jsp
#

---------------  S U M M A R Y ------------

Command Line: --add-opens=java.base/java.util=ALL-UNNAMED --add-opens=java.base/java.lang=ALL-UNNAMED --add-opens=java.base/java.lang.invoke=ALL-UNNAMED --add-opens=java.prefs/java.util.prefs=ALL-UNNAMED -Xmx2048m -Dfile.encoding=GBK -Duser.country=CN -Duser.language=zh -Duser.variant org.gradle.launcher.daemon.bootstrap.GradleDaemon 6.1.1

Host: Intel(R) Core(TM) i5-8250U CPU @ 1.60GHz, 8 cores, 7G,  Windows 10 , 64 bit Build 19041 (10.0.19041.1023)
Time: Thu Jul  1 01:30:35 2021 中国标准时间 elapsed time: 63 seconds (0d 0h 1m 3s)

---------------  T H R E A D  ---------------

Current thread (0x000001a1b06e3000):  JavaThread "Execution worker for ':'" [_thread_in_Java, id=10392, stack(0x0000002863f00000,0x0000002864000000)]

Stack: [0x0000002863f00000,0x0000002864000000],  sp=0x0000002863ffb630,  free space=1005k
Native frames: (J=compiled Java code, j=interpreted, Vv=VM code, C=native code)
C  0x00000001a1945267


siginfo: EXCEPTION_ACCESS_VIOLATION (0xc0000005), data execution prevention violation at address 0x00000001a1945267


Register to memory mapping:

RIP=0x00000001a1945267 is an unknown value
RAX=0x0 is NULL
RBX=0x000001a1ab680611 is pointing into metadata
RCX=0x0000000088ef7070 is an oop: kotlin.reflect.jvm.internal.impl.types.checker.KotlinTypeCheckerImpl 
{0x0000000088ef7070} - klass: 'kotlin/reflect/jvm/internal/impl/types/checker/KotlinTypeCheckerImpl'
RDX=0x000001a194509d43 is at code_begin+2307 in an Interpreter codelet
invoke return entry points  [0x000001a194509440, 0x000001a194509e20]  2528 bytes
RSP=0x0000002863ffb630 is pointing into the stack for thread: 0x000001a1b06e3000
RBP=0x0000002863ffb688 is pointing into the stack for thread: 0x000001a1b06e3000
RSI=0x0 is NULL
RDI=0x0000000088ef7048 points into unknown readable memory: 30 2b 0f 89 00 00 00 00
R8 =0x0 is NULL
R9 =0x00000000000000de is an unknown value
R10=0x00007ffb3a822bf0 jvm.dll
R11=538309989 is a compressed pointer to class: 0x0000000100afab28
kotlin.reflect.jvm.internal.impl.types.checker.TypeCheckingProcedure {0x0000000100afab30}
R12=0x0 is NULL
R13=0x0000002863ffb638 is pointing into the stack for thread: 0x000001a1b06e3000
R14=0x0000002863ffb6a0 is pointing into the stack for thread: 0x000001a1b06e3000
R15=0x000001a1b06e3000 is a thread


Registers:
RAX=0x0000000000000000, RBX=0x000001a1ab680611, RCX=0x0000000088ef7070, RDX=0x000001a194509d43
RSP=0x0000002863ffb630, RBP=0x0000002863ffb688, RSI=0x0000000000000000, RDI=0x0000000088ef7048
R8 =0x0000000000000000, R9 =0x00000000000000de, R10=0x00007ffb3a822bf0, R11=0x000000002015f565
R12=0x0000000000000000, R13=0x0000002863ffb638, R14=0x0000002863ffb6a0, R15=0x000001a1b06e3000
RIP=0x00000001a1945267, EFLAGS=0x0000000000010246

Top of Stack: (sp=0x0000002863ffb630)
0x0000002863ffb630:   000001a194509d43 0000000088ef7070
0x0000002863ffb640:   0000002863ffb640 000001a1b82f9a59
0x0000002863ffb650:   0000002863ffb6a0 000001a1b82fa310
0x0000002863ffb660:   0000000000000000 0000000088f85718
0x0000002863ffb670:   000001a1b82f9a88 0000002863ffb638
0x0000002863ffb680:   0000002863ffb698 0000002863ffb6f8
0x0000002863ffb690:   000001a194509d43 0000000088ef7080
0x0000002863ffb6a0:   0000000088ef7070 0000000088ef7070
0x0000002863ffb6b0:   0000002863ffb6b0 000001a1b82f998b
0x0000002863ffb6c0:   0000002863ffb708 000001a1b82fa310
0x0000002863ffb6d0:   0000000000000000 0000000088f85718
0x0000002863ffb6e0:   000001a1b82f99a8 0000002863ffb698
0x0000002863ffb6f0:   0000002863ffb708 0000002863ffb758
0x0000002863ffb700:   000001a194509ac0 000000008571c910
0x0000002863ffb710:   0000002863ffb710 000001a1b7dd37b8
0x0000002863ffb720:   0000002863ffb788 000001a1b7dda380 

Instructions: (pc=0x00000001a1945267)
0x00000001a1945167:   ?? ?? ?? ?? ?? ?? ?? ?? ?? ?? ?? ?? ?? ?? ?? ??
0x00000001a1945177:   ?? ?? ?? ?? ?? ?? ?? ?? ?? ?? ?? ?? ?? ?? ?? ??
0x00000001a1945187:   ?? ?? ?? ?? ?? ?? ?? ?? ?? ?? ?? ?? ?? ?? ?? ??
0x00000001a1945197:   ?? ?? ?? ?? ?? ?? ?? ?? ?? ?? ?? ?? ?? ?? ?? ??
0x00000001a19451a7:   ?? ?? ?? ?? ?? ?? ?? ?? ?? ?? ?? ?? ?? ?? ?? ??
0x00000001a19451b7:   ?? ?? ?? ?? ?? ?? ?? ?? ?? ?? ?? ?? ?? ?? ?? ??
0x00000001a19451c7:   ?? ?? ?? ?? ?? ?? ?? ?? ?? ?? ?? ?? ?? ?? ?? ??
0x00000001a19451d7:   ?? ?? ?? ?? ?? ?? ?? ?? ?? ?? ?? ?? ?? ?? ?? ??
0x00000001a19451e7:   ?? ?? ?? ?? ?? ?? ?? ?? ?? ?? ?? ?? ?? ?? ?? ??
0x00000001a19451f7:   ?? ?? ?? ?? ?? ?? ?? ?? ?? ?? ?? ?? ?? ?? ?? ??
0x00000001a1945207:   ?? ?? ?? ?? ?? ?? ?? ?? ?? ?? ?? ?? ?? ?? ?? ??
0x00000001a1945217:   ?? ?? ?? ?? ?? ?? ?? ?? ?? ?? ?? ?? ?? ?? ?? ??
0x00000001a1945227:   ?? ?? ?? ?? ?? ?? ?? ?? ?? ?? ?? ?? ?? ?? ?? ??
0x00000001a1945237:   ?? ?? ?? ?? ?? ?? ?? ?? ?? ?? ?? ?? ?? ?? ?? ??
0x00000001a1945247:   ?? ?? ?? ?? ?? ?? ?? ?? ?? ?? ?? ?? ?? ?? ?? ??
0x00000001a1945257:   ?? ?? ?? ?? ?? ?? ?? ?? ?? ?? ?? ?? ?? ?? ?? ??
0x00000001a1945267:   ?? ?? ?? ?? ?? ?? ?? ?? ?? ?? ?? ?? ?? ?? ?? ??
0x00000001a1945277:   ?? ?? ?? ?? ?? ?? ?? ?? ?? ?? ?? ?? ?? ?? ?? ??
0x00000001a1945287:   ?? ?? ?? ?? ?? ?? ?? ?? ?? ?? ?? ?? ?? ?? ?? ??
0x00000001a1945297:   ?? ?? ?? ?? ?? ?? ?? ?? ?? ?? ?? ?? ?? ?? ?? ??
0x00000001a19452a7:   ?? ?? ?? ?? ?? ?? ?? ?? ?? ?? ?? ?? ?? ?? ?? ??
0x00000001a19452b7:   ?? ?? ?? ?? ?? ?? ?? ?? ?? ?? ?? ?? ?? ?? ?? ??
0x00000001a19452c7:   ?? ?? ?? ?? ?? ?? ?? ?? ?? ?? ?? ?? ?? ?? ?? ??
0x00000001a19452d7:   ?? ?? ?? ?? ?? ?? ?? ?? ?? ?? ?? ?? ?? ?? ?? ??
0x00000001a19452e7:   ?? ?? ?? ?? ?? ?? ?? ?? ?? ?? ?? ?? ?? ?? ?? ??
0x00000001a19452f7:   ?? ?? ?? ?? ?? ?? ?? ?? ?? ?? ?? ?? ?? ?? ?? ??
0x00000001a1945307:   ?? ?? ?? ?? ?? ?? ?? ?? ?? ?? ?? ?? ?? ?? ?? ??
0x00000001a1945317:   ?? ?? ?? ?? ?? ?? ?? ?? ?? ?? ?? ?? ?? ?? ?? ??
0x00000001a1945327:   ?? ?? ?? ?? ?? ?? ?? ?? ?? ?? ?? ?? ?? ?? ?? ??
0x00000001a1945337:   ?? ?? ?? ?? ?? ?? ?? ?? ?? ?? ?? ?? ?? ?? ?? ??
0x00000001a1945347:   ?? ?? ?? ?? ?? ?? ?? ?? ?? ?? ?? ?? ?? ?? ?? ??
0x00000001a1945357:   ?? ?? ?? ?? ?? ?? ?? ?? ?? ?? ?? ?? ?? ?? ?? ?? 


Stack slot to memory mapping:
stack at sp + 0 slots: 0x000001a194509d43 is at code_begin+2307 in an Interpreter codelet
invoke return entry points  [0x000001a194509440, 0x000001a194509e20]  2528 bytes
stack at sp + 1 slots: 0x0000000088ef7070 is an oop: kotlin.reflect.jvm.internal.impl.types.checker.KotlinTypeCheckerImpl 
{0x0000000088ef7070} - klass: 'kotlin/reflect/jvm/internal/impl/types/checker/KotlinTypeCheckerImpl'
stack at sp + 2 slots: 0x0000002863ffb640 is pointing into the stack for thread: 0x000001a1b06e3000
stack at sp + 3 slots: 0x000001a1b82f9a59 is pointing into metadata
stack at sp + 4 slots: 0x0000002863ffb6a0 is pointing into the stack for thread: 0x000001a1b06e3000
stack at sp + 5 slots: 0x000001a1b82fa310 is pointing into metadata
stack at sp + 6 slots: 0x0 is NULL
stack at sp + 7 slots: 0x0000000088f85718 is an oop: java.lang.Class 
{0x0000000088f85718} - klass: 'java/lang/Class'


---------------  P R O C E S S  ---------------

Threads class SMR info:
_java_thread_list=0x000001a1b4191400, length=53, elements={
0x000001a190b7c800, 0x000001a1ab643800, 0x000001a1ab64c800, 0x000001a1ab65c000,
0x000001a1ab65d000, 0x000001a1ab65e800, 0x000001a1abf57000, 0x000001a1ab663800,
0x000001a1ac0af800, 0x000001a1ac0b1000, 0x000001a1ad7d0000, 0x000001a1ac388000,
0x000001a1ad4bf800, 0x000001a1ad4b6000, 0x000001a1ae08f800, 0x000001a1ad0d4800,
0x000001a1acc62000, 0x000001a1ae38a800, 0x000001a1ae1a8800, 0x000001a1ae462000,
0x000001a1ae463800, 0x000001a1ae463000, 0x000001a1ae464800, 0x000001a1ae465000,
0x000001a1ae45f800, 0x000001a1ae466000, 0x000001a1ae460800, 0x000001a1b06de000,
0x000001a1b06df800, 0x000001a1b06df000, 0x000001a1b06dd000, 0x000001a1b06e0800,
0x000001a1b06e6000, 0x000001a1b06e4800, 0x000001a1b06e1800, 0x000001a1b06e2000,
0x000001a1b06e5800, 0x000001a1b06e8800, 0x000001a1b06e7000, 0x000001a1b06e3000,
0x000001a1b06e3800, 0x000001a1b06e8000, 0x000001a1b06e9800, 0x000001a1b06ec000,
0x000001a1b06ea800, 0x000001a1b06eb000, 0x000001a1b5872000, 0x000001a1b5872800,
0x000001a1b5876000, 0x000001a1b5871000, 0x000001a1b5877800, 0x000001a1b3963800,
0x000001a1b5873800
}

Java Threads: ( => current thread )
  0x000001a190b7c800 JavaThread "main" [_thread_blocked, id=3292, stack(0x0000002864200000,0x0000002864300000)]
  0x000001a1ab643800 JavaThread "Reference Handler" daemon [_thread_blocked, id=12264, stack(0x0000002864900000,0x0000002864a00000)]
  0x000001a1ab64c800 JavaThread "Finalizer" daemon [_thread_blocked, id=14908, stack(0x0000002864a00000,0x0000002864b00000)]
  0x000001a1ab65c000 JavaThread "Signal Dispatcher" daemon [_thread_blocked, id=15532, stack(0x0000002864b00000,0x0000002864c00000)]
  0x000001a1ab65d000 JavaThread "Attach Listener" daemon [_thread_blocked, id=15132, stack(0x0000002864c00000,0x0000002864d00000)]
  0x000001a1ab65e800 JavaThread "C2 CompilerThread0" daemon [_thread_in_native, id=11288, stack(0x0000002864d00000,0x0000002864e00000)]
  0x000001a1abf57000 JavaThread "C1 CompilerThread0" daemon [_thread_blocked, id=15508, stack(0x0000002864e00000,0x0000002864f00000)]
  0x000001a1ab663800 JavaThread "Sweeper thread" daemon [_thread_blocked, id=10264, stack(0x0000002864f00000,0x0000002865000000)]
  0x000001a1ac0af800 JavaThread "Common-Cleaner" daemon [_thread_blocked, id=2836, stack(0x0000002865000000,0x0000002865100000)]
  0x000001a1ac0b1000 JavaThread "Service Thread" daemon [_thread_blocked, id=15152, stack(0x0000002865100000,0x0000002865200000)]
  0x000001a1ad7d0000 JavaThread "Daemon health stats" [_thread_blocked, id=13360, stack(0x0000002865600000,0x0000002865700000)]
  0x000001a1ac388000 JavaThread "Incoming local TCP Connector on port 5158" [_thread_in_native, id=8204, stack(0x0000002865300000,0x0000002865400000)]
  0x000001a1ad4bf800 JavaThread "Daemon periodic checks" [_thread_blocked, id=16000, stack(0x0000002865700000,0x0000002865800000)]
  0x000001a1ad4b6000 JavaThread "Daemon" [_thread_blocked, id=10448, stack(0x0000002865800000,0x0000002865900000)]
  0x000001a1ae08f800 JavaThread "Handler for socket connection from /127.0.0.1:5158 to /127.0.0.1:5159" [_thread_in_native, id=3376, stack(0x0000002865900000,0x0000002865a00000)]
  0x000001a1ad0d4800 JavaThread "Cancel handler" [_thread_blocked, id=14968, stack(0x0000002865a00000,0x0000002865b00000)]
  0x000001a1acc62000 JavaThread "Daemon worker" [_thread_blocked, id=14236, stack(0x0000002865c00000,0x0000002865d00000)]
  0x000001a1ae38a800 JavaThread "Asynchronous log dispatcher for DefaultDaemonConnection: socket connection from /127.0.0.1:5158 to /127.0.0.1:5159" [_thread_blocked, id=11164, stack(0x0000002865d00000,0x0000002865e00000)]
  0x000001a1ae1a8800 JavaThread "Thread-8" [_thread_blocked, id=15928, stack(0x0000002865f00000,0x0000002866000000)]
  0x000001a1ae462000 JavaThread "Cache worker for journal cache (C:\Users\kidominox\.gradle\wrapper\dists\gradle-6.1.1-all\caches\journal-1)" [_thread_blocked, id=8708, stack(0x0000002866500000,0x0000002866600000)]
  0x000001a1ae463800 JavaThread "File lock request listener" [_thread_in_native, id=13444, stack(0x0000002866600000,0x0000002866700000)]
  0x000001a1ae463000 JavaThread "Cache worker for file hash cache (C:\Users\kidominox\.gradle\wrapper\dists\gradle-6.1.1-all\caches\6.1.1\fileHashes)" [_thread_blocked, id=13240, stack(0x0000002865b00000,0x0000002865c00000)]
  0x000001a1ae464800 JavaThread "Cache worker for checksums cache (E:\project625\TapTap-0.5_alpha\.gradle\checksums)" [_thread_blocked, id=15088, stack(0x0000002866a00000,0x0000002866b00000)]
  0x000001a1ae465000 JavaThread "Cache worker for file hash cache (E:\project625\TapTap-0.5_alpha\.gradle\6.1.1\fileHashes)" [_thread_blocked, id=10992, stack(0x0000002866b00000,0x0000002866c00000)]
  0x000001a1ae45f800 JavaThread "Cache worker for cache directory md-supplier (C:\Users\kidominox\.gradle\wrapper\dists\gradle-6.1.1-all\caches\6.1.1\md-supplier)" [_thread_blocked, id=11612, stack(0x0000002866900000,0x0000002866a00000)]
  0x000001a1ae466000 JavaThread "Cache worker for cache directory md-rule (C:\Users\kidominox\.gradle\wrapper\dists\gradle-6.1.1-all\caches\6.1.1\md-rule)" [_thread_blocked, id=13512, stack(0x0000002866c00000,0x0000002866d00000)]
  0x000001a1ae460800 JavaThread "Cache worker for execution history cache (C:\Users\kidominox\.gradle\wrapper\dists\gradle-6.1.1-all\caches\6.1.1\executionHistory)" [_thread_blocked, id=11292, stack(0x0000002866d00000,0x0000002866e00000)]
  0x000001a1b06de000 JavaThread "Build operations" [_thread_blocked, id=4204, stack(0x0000002866e00000,0x0000002866f00000)]
  0x000001a1b06df800 JavaThread "Build operations Thread 2" [_thread_blocked, id=7304, stack(0x0000002866f00000,0x0000002867000000)]
  0x000001a1b06df000 JavaThread "Build operations Thread 3" [_thread_blocked, id=14536, stack(0x0000002867000000,0x0000002867100000)]
  0x000001a1b06dd000 JavaThread "Build operations Thread 4" [_thread_blocked, id=1340, stack(0x0000002867100000,0x0000002867200000)]
  0x000001a1b06e0800 JavaThread "Build operations Thread 5" [_thread_blocked, id=12728, stack(0x0000002867200000,0x0000002867300000)]
  0x000001a1b06e6000 JavaThread "Build operations Thread 6" [_thread_blocked, id=15248, stack(0x0000002867300000,0x0000002867400000)]
  0x000001a1b06e4800 JavaThread "Build operations Thread 7" [_thread_blocked, id=1144, stack(0x0000002867400000,0x0000002867500000)]
  0x000001a1b06e1800 JavaThread "Build operations Thread 8" [_thread_blocked, id=3344, stack(0x0000002867500000,0x0000002867600000)]
  0x000001a1b06e2000 JavaThread "Cache worker for Build Output Cleanup Cache (E:\project625\TapTap-0.5_alpha\.gradle\buildOutputCleanup)" [_thread_blocked, id=9104, stack(0x0000002866800000,0x0000002866900000)]
  0x000001a1b06e5800 JavaThread "Memory manager" [_thread_blocked, id=11840, stack(0x0000002867800000,0x0000002867900000)]
  0x000001a1b06e8800 JavaThread "Cache worker for file content cache (C:\Users\kidominox\.gradle\wrapper\dists\gradle-6.1.1-all\caches\6.1.1\fileContent)" [_thread_blocked, id=10760, stack(0x0000002867900000,0x0000002867a00000)]
  0x000001a1b06e7000 JavaThread "Cache worker for file content cache (E:\project625\TapTap-0.5_alpha\.gradle\6.1.1\fileContent)" [_thread_blocked, id=13936, stack(0x0000002867a00000,0x0000002867b00000)]
=>0x000001a1b06e3000 JavaThread "Execution worker for ':'" [_thread_in_Java, id=10392, stack(0x0000002863f00000,0x0000002864000000)]
  0x000001a1b06e3800 JavaThread "Execution worker for ':' Thread 2" [_thread_blocked, id=15420, stack(0x0000002867b00000,0x0000002867c00000)]
  0x000001a1b06e8000 JavaThread "Execution worker for ':' Thread 3" [_thread_blocked, id=15584, stack(0x0000002867c00000,0x0000002867d00000)]
  0x000001a1b06e9800 JavaThread "Execution worker for ':' Thread 4" [_thread_blocked, id=15040, stack(0x0000002867d00000,0x0000002867e00000)]
  0x000001a1b06ec000 JavaThread "Execution worker for ':' Thread 5" [_thread_blocked, id=8548, stack(0x0000002867e00000,0x0000002867f00000)]
  0x000001a1b06ea800 JavaThread "Execution worker for ':' Thread 6" [_thread_blocked, id=4256, stack(0x0000002867f00000,0x0000002868000000)]
  0x000001a1b06eb000 JavaThread "Execution worker for ':' Thread 7" [_thread_blocked, id=1716, stack(0x0000002868000000,0x0000002868100000)]
  0x000001a1b5872000 JavaThread "Cache worker for execution history cache (E:\project625\TapTap-0.5_alpha\.gradle\6.1.1\executionHistory)" [_thread_blocked, id=13560, stack(0x0000002868100000,0x0000002868200000)]
  0x000001a1b5872800 JavaThread "WorkerExecutor Queue Thread 2" [_thread_blocked, id=15316, stack(0x0000002868500000,0x0000002868600000)]
  0x000001a1b5876000 JavaThread "pool-2-thread-1" [_thread_blocked, id=7984, stack(0x0000002868600000,0x0000002868700000)]
  0x000001a1b5871000 JavaThread "stderr" [_thread_in_native, id=6488, stack(0x0000002868700000,0x0000002868800000)]
  0x000001a1b5877800 JavaThread "stdout" [_thread_in_native, id=828, stack(0x0000002868800000,0x0000002868900000)]
  0x000001a1b3963800 JavaThread "C2 CompilerThread1" daemon [_thread_in_native, id=9228, stack(0x0000002864000000,0x0000002864100000)]
  0x000001a1b5873800 JavaThread "C2 CompilerThread2" daemon [_thread_blocked, id=13452, stack(0x0000002864100000,0x0000002864200000)]

Other Threads:
  0x000001a1ab63f800 VMThread "VM Thread" [stack: 0x0000002864800000,0x0000002864900000] [id=13468]
  0x000001a1ac0b2800 WatcherThread [stack: 0x0000002865200000,0x0000002865300000] [id=16368]
  0x000001a190b92800 GCTaskThread "GC Thread#0" [stack: 0x0000002864300000,0x0000002864400000] [id=5864]
  0x000001a1ac92b000 GCTaskThread "GC Thread#1" [stack: 0x0000002865400000,0x0000002865500000] [id=11032]
  0x000001a1acade800 GCTaskThread "GC Thread#2" [stack: 0x0000002865500000,0x0000002865600000] [id=15616]
  0x000001a1ae319000 GCTaskThread "GC Thread#3" [stack: 0x0000002866000000,0x0000002866100000] [id=13700]
  0x000001a1ae195800 GCTaskThread "GC Thread#4" [stack: 0x0000002866100000,0x0000002866200000] [id=11372]
  0x000001a1ae311800 GCTaskThread "GC Thread#5" [stack: 0x0000002866200000,0x0000002866300000] [id=13964]
  0x000001a1ae178800 GCTaskThread "GC Thread#6" [stack: 0x0000002866300000,0x0000002866400000] [id=10372]
  0x000001a1ae598000 GCTaskThread "GC Thread#7" [stack: 0x0000002866400000,0x0000002866500000] [id=16312]
  0x000001a190bc5000 ConcurrentGCThread "G1 Main Marker" [stack: 0x0000002864400000,0x0000002864500000] [id=14688]
  0x000001a190bc7800 ConcurrentGCThread "G1 Conc#0" [stack: 0x0000002864500000,0x0000002864600000] [id=14092]
  0x000001a1ae41d800 ConcurrentGCThread "G1 Conc#1" [stack: 0x0000002866700000,0x0000002866800000] [id=14420]
  0x000001a190c55000 ConcurrentGCThread "G1 Refine#0" [stack: 0x0000002864600000,0x0000002864700000] [id=10324]
  0x000001a1ab490800 ConcurrentGCThread "G1 Young RemSet Sampling" [stack: 0x0000002864700000,0x0000002864800000] [id=11640]

Threads with active compile tasks:
C2 CompilerThread0  63992 10782 %     4       org.gradle.internal.instantiation.generator.AbstractClassGenerator::inspectType @ 250 (559 bytes)
C2 CompilerThread1  63992 10793       4       org.gradle.internal.component.model.ComponentAttributeMatcher::match (318 bytes)

VM state:not at safepoint (normal execution)

VM Mutex/Monitor currently owned by a thread: None

Heap address: 0x0000000080000000, size: 2048 MB, Compressed Oops mode: 32-bit
Narrow klass base: 0x0000000000000000, Narrow klass shift: 3
Compressed class space size: 1073741824 Address: 0x0000000100000000

Heap:
 garbage-first heap   total 157696K, used 107311K [0x0000000080000000, 0x0000000100000000)
  region size 1024K, 15 young (15360K), 2 survivors (2048K)
 Metaspace       used 81968K, capacity 84023K, committed 84304K, reserved 1122304K
  class space    used 10456K, capacity 11170K, committed 11264K, reserved 1048576K
Heap Regions: E=young(eden), S=young(survivor), O=old, HS=humongous(starts), HC=humongous(continues), CS=collection set, F=free, A=archive, TAMS=top-at-mark-start (previous, next)
|   0|0x0000000080000000, 0x0000000080100000, 0x0000000080100000|100%| O|  |TAMS 0x0000000080100000, 0x0000000080000000| Untracked 
|   1|0x0000000080100000, 0x0000000080200000, 0x0000000080200000|100%| O|  |TAMS 0x0000000080200000, 0x0000000080100000| Untracked 
|   2|0x0000000080200000, 0x0000000080300000, 0x0000000080300000|100%| O|  |TAMS 0x0000000080300000, 0x0000000080200000| Untracked 
|   3|0x0000000080300000, 0x0000000080400000, 0x0000000080400000|100%|HS|  |TAMS 0x0000000080400000, 0x0000000080300000| Complete 
|   4|0x0000000080400000, 0x0000000080500000, 0x0000000080500000|100%|HC|  |TAMS 0x0000000080500000, 0x0000000080400000| Complete 
|   5|0x0000000080500000, 0x0000000080600000, 0x0000000080600000|100%|HC|  |TAMS 0x0000000080600000, 0x0000000080500000| Complete 
|   6|0x0000000080600000, 0x0000000080700000, 0x0000000080700000|100%| O|  |TAMS 0x0000000080700000, 0x0000000080600000| Untracked 
|   7|0x0000000080700000, 0x0000000080800000, 0x0000000080800000|100%| O|  |TAMS 0x0000000080800000, 0x0000000080700000| Untracked 
|   8|0x0000000080800000, 0x0000000080900000, 0x0000000080900000|100%| O|  |TAMS 0x0000000080900000, 0x0000000080800000| Untracked 
|   9|0x0000000080900000, 0x0000000080a00000, 0x0000000080a00000|100%| O|  |TAMS 0x0000000080a00000, 0x0000000080900000| Untracked 
|  10|0x0000000080a00000, 0x0000000080b00000, 0x0000000080b00000|100%| O|  |TAMS 0x0000000080b00000, 0x0000000080a00000| Untracked 
|  11|0x0000000080b00000, 0x0000000080c00000, 0x0000000080c00000|100%| O|  |TAMS 0x0000000080c00000, 0x0000000080b00000| Untracked 
|  12|0x0000000080c00000, 0x0000000080d00000, 0x0000000080d00000|100%| O|  |TAMS 0x0000000080d00000, 0x0000000080c00000| Untracked 
|  13|0x0000000080d00000, 0x0000000080e00000, 0x0000000080e00000|100%| O|  |TAMS 0x0000000080e00000, 0x0000000080d00000| Untracked 
|  14|0x0000000080e00000, 0x0000000080f00000, 0x0000000080f00000|100%| O|  |TAMS 0x0000000080f00000, 0x0000000080e00000| Untracked 
|  15|0x0000000080f00000, 0x0000000081000000, 0x0000000081000000|100%| O|  |TAMS 0x0000000081000000, 0x0000000080f00000| Untracked 
|  16|0x0000000081000000, 0x0000000081100000, 0x0000000081100000|100%|HS|  |TAMS 0x0000000081100000, 0x0000000081000000| Complete 
|  17|0x0000000081100000, 0x0000000081200000, 0x0000000081200000|100%|HC|  |TAMS 0x0000000081200000, 0x0000000081100000| Complete 
|  18|0x0000000081200000, 0x0000000081300000, 0x0000000081300000|100%|HS|  |TAMS 0x0000000081300000, 0x0000000081200000| Complete 
|  19|0x0000000081300000, 0x0000000081400000, 0x0000000081400000|100%|HC|  |TAMS 0x0000000081400000, 0x0000000081300000| Complete 
|  20|0x0000000081400000, 0x0000000081500000, 0x0000000081500000|100%|HC|  |TAMS 0x0000000081500000, 0x0000000081400000| Complete 
|  21|0x0000000081500000, 0x0000000081600000, 0x0000000081600000|100%|HS|  |TAMS 0x0000000081600000, 0x0000000081500000| Complete 
|  22|0x0000000081600000, 0x0000000081700000, 0x0000000081700000|100%|HC|  |TAMS 0x0000000081700000, 0x0000000081600000| Complete 
|  23|0x0000000081700000, 0x0000000081800000, 0x0000000081800000|100%|HC|  |TAMS 0x0000000081800000, 0x0000000081700000| Complete 
|  24|0x0000000081800000, 0x0000000081900000, 0x0000000081900000|100%|HC|  |TAMS 0x0000000081900000, 0x0000000081800000| Complete 
|  25|0x0000000081900000, 0x0000000081a00000, 0x0000000081a00000|100%| O|  |TAMS 0x0000000081a00000, 0x0000000081900000| Untracked 
|  26|0x0000000081a00000, 0x0000000081b00000, 0x0000000081b00000|100%| O|  |TAMS 0x0000000081b00000, 0x0000000081a00000| Untracked 
|  27|0x0000000081b00000, 0x0000000081c00000, 0x0000000081c00000|100%| O|  |TAMS 0x0000000081c00000, 0x0000000081b00000| Untracked 
|  28|0x0000000081c00000, 0x0000000081d00000, 0x0000000081d00000|100%| O|  |TAMS 0x0000000081d00000, 0x0000000081c00000| Untracked 
|  29|0x0000000081d00000, 0x0000000081e00000, 0x0000000081e00000|100%| O|  |TAMS 0x0000000081e00000, 0x0000000081d00000| Untracked 
|  30|0x0000000081e00000, 0x0000000081f00000, 0x0000000081f00000|100%| O|  |TAMS 0x0000000081f00000, 0x0000000081e00000| Untracked 
|  31|0x0000000081f00000, 0x0000000082000000, 0x0000000082000000|100%| O|  |TAMS 0x0000000082000000, 0x0000000081f00000| Untracked 
|  32|0x0000000082000000, 0x0000000082100000, 0x0000000082100000|100%|HS|  |TAMS 0x0000000082100000, 0x0000000082000000| Complete 
|  33|0x0000000082100000, 0x0000000082200000, 0x0000000082200000|100%|HC|  |TAMS 0x0000000082200000, 0x0000000082100000| Complete 
|  34|0x0000000082200000, 0x0000000082300000, 0x0000000082300000|100%|HC|  |TAMS 0x0000000082300000, 0x0000000082200000| Complete 
|  35|0x0000000082300000, 0x0000000082400000, 0x0000000082400000|100%|HS|  |TAMS 0x0000000082400000, 0x0000000082300000| Complete 
|  36|0x0000000082400000, 0x0000000082500000, 0x0000000082500000|100%|HC|  |TAMS 0x0000000082500000, 0x0000000082400000| Complete 
|  37|0x0000000082500000, 0x0000000082600000, 0x0000000082600000|100%|HC|  |TAMS 0x0000000082600000, 0x0000000082500000| Complete 
|  38|0x0000000082600000, 0x0000000082700000, 0x0000000082700000|100%|HS|  |TAMS 0x0000000082700000, 0x0000000082600000| Complete 
|  39|0x0000000082700000, 0x0000000082800000, 0x0000000082800000|100%|HC|  |TAMS 0x0000000082800000, 0x0000000082700000| Complete 
|  40|0x0000000082800000, 0x0000000082900000, 0x0000000082900000|100%| O|  |TAMS 0x0000000082900000, 0x0000000082800000| Untracked 
|  41|0x0000000082900000, 0x0000000082a00000, 0x0000000082a00000|100%| O|  |TAMS 0x0000000082a00000, 0x0000000082900000| Untracked 
|  42|0x0000000082a00000, 0x0000000082b00000, 0x0000000082b00000|100%| O|  |TAMS 0x0000000082b00000, 0x0000000082a00000| Untracked 
|  43|0x0000000082b00000, 0x0000000082c00000, 0x0000000082c00000|100%| O|  |TAMS 0x0000000082c00000, 0x0000000082b00000| Untracked 
|  44|0x0000000082c00000, 0x0000000082d00000, 0x0000000082d00000|100%| O|  |TAMS 0x0000000082d00000, 0x0000000082c00000| Untracked 
|  45|0x0000000082d00000, 0x0000000082e00000, 0x0000000082e00000|100%| O|  |TAMS 0x0000000082e00000, 0x0000000082d00000| Untracked 
|  46|0x0000000082e00000, 0x0000000082f00000, 0x0000000082f00000|100%| O|  |TAMS 0x0000000082f00000, 0x0000000082e00000| Untracked 
|  47|0x0000000082f00000, 0x0000000083000000, 0x0000000083000000|100%| O|  |TAMS 0x0000000083000000, 0x0000000082f00000| Untracked 
|  48|0x0000000083000000, 0x0000000083100000, 0x0000000083100000|100%| O|  |TAMS 0x0000000083100000, 0x0000000083000000| Untracked 
|  49|0x0000000083100000, 0x0000000083200000, 0x0000000083200000|100%| O|  |TAMS 0x0000000083200000, 0x0000000083100000| Untracked 
|  50|0x0000000083200000, 0x0000000083300000, 0x0000000083300000|100%| O|  |TAMS 0x0000000083300000, 0x0000000083200000| Untracked 
|  51|0x0000000083300000, 0x0000000083400000, 0x0000000083400000|100%| O|  |TAMS 0x0000000083400000, 0x0000000083300000| Untracked 
|  52|0x0000000083400000, 0x0000000083500000, 0x0000000083500000|100%| O|  |TAMS 0x0000000083500000, 0x0000000083400000| Untracked 
|  53|0x0000000083500000, 0x0000000083600000, 0x0000000083600000|100%| O|  |TAMS 0x0000000083600000, 0x0000000083500000| Untracked 
|  54|0x0000000083600000, 0x0000000083700000, 0x0000000083700000|100%| O|  |TAMS 0x0000000083700000, 0x0000000083600000| Untracked 
|  55|0x0000000083700000, 0x0000000083800000, 0x0000000083800000|100%| O|  |TAMS 0x0000000083800000, 0x0000000083700000| Untracked 
|  56|0x0000000083800000, 0x0000000083900000, 0x0000000083900000|100%| O|  |TAMS 0x0000000083900000, 0x0000000083800000| Untracked 
|  57|0x0000000083900000, 0x0000000083a00000, 0x0000000083a00000|100%| O|  |TAMS 0x0000000083a00000, 0x0000000083900000| Untracked 
|  58|0x0000000083a00000, 0x0000000083b00000, 0x0000000083b00000|100%| O|  |TAMS 0x0000000083b00000, 0x0000000083a00000| Untracked 
|  59|0x0000000083b00000, 0x0000000083c00000, 0x0000000083c00000|100%| O|  |TAMS 0x0000000083c00000, 0x0000000083b00000| Untracked 
|  60|0x0000000083c00000, 0x0000000083d00000, 0x0000000083d00000|100%| O|  |TAMS 0x0000000083d00000, 0x0000000083c00000| Untracked 
|  61|0x0000000083d00000, 0x0000000083e00000, 0x0000000083e00000|100%| O|  |TAMS 0x0000000083e00000, 0x0000000083d00000| Untracked 
|  62|0x0000000083e00000, 0x0000000083f00000, 0x0000000083f00000|100%| O|  |TAMS 0x0000000083f00000, 0x0000000083e00000| Untracked 
|  63|0x0000000083f00000, 0x0000000084000000, 0x0000000084000000|100%| O|  |TAMS 0x0000000084000000, 0x0000000083f00000| Untracked 
|  64|0x0000000084000000, 0x0000000084100000, 0x0000000084100000|100%| O|  |TAMS 0x0000000084100000, 0x0000000084000000| Untracked 
|  65|0x0000000084100000, 0x0000000084200000, 0x0000000084200000|100%| O|  |TAMS 0x0000000084200000, 0x0000000084100000| Untracked 
|  66|0x0000000084200000, 0x0000000084300000, 0x0000000084300000|100%| O|  |TAMS 0x0000000084300000, 0x0000000084200000| Untracked 
|  67|0x0000000084300000, 0x0000000084400000, 0x0000000084400000|100%| O|  |TAMS 0x0000000084400000, 0x0000000084300000| Untracked 
|  68|0x0000000084400000, 0x0000000084500000, 0x0000000084500000|100%| O|  |TAMS 0x0000000084500000, 0x0000000084400000| Untracked 
|  69|0x0000000084500000, 0x0000000084600000, 0x0000000084600000|100%| O|  |TAMS 0x0000000084600000, 0x0000000084500000| Untracked 
|  70|0x0000000084600000, 0x0000000084700000, 0x0000000084700000|100%| O|  |TAMS 0x0000000084700000, 0x0000000084600000| Untracked 
|  71|0x0000000084700000, 0x0000000084800000, 0x0000000084800000|100%| O|  |TAMS 0x0000000084800000, 0x0000000084700000| Untracked 
|  72|0x0000000084800000, 0x0000000084900000, 0x0000000084900000|100%| O|  |TAMS 0x0000000084900000, 0x0000000084800000| Untracked 
|  73|0x0000000084900000, 0x0000000084a00000, 0x0000000084a00000|100%| O|  |TAMS 0x0000000084a00000, 0x0000000084900000| Untracked 
|  74|0x0000000084a00000, 0x0000000084b00000, 0x0000000084b00000|100%| O|  |TAMS 0x0000000084b00000, 0x0000000084a00000| Untracked 
|  75|0x0000000084b00000, 0x0000000084c00000, 0x0000000084c00000|100%| O|  |TAMS 0x0000000084c00000, 0x0000000084b00000| Untracked 
|  76|0x0000000084c00000, 0x0000000084d00000, 0x0000000084d00000|100%| O|  |TAMS 0x0000000084d00000, 0x0000000084c00000| Untracked 
|  77|0x0000000084d00000, 0x0000000084e00000, 0x0000000084e00000|100%| O|  |TAMS 0x0000000084e00000, 0x0000000084d00000| Untracked 
|  78|0x0000000084e00000, 0x0000000084f00000, 0x0000000084f00000|100%| O|  |TAMS 0x0000000084f00000, 0x0000000084e00000| Untracked 
|  79|0x0000000084f00000, 0x0000000085000000, 0x0000000085000000|100%| O|  |TAMS 0x0000000085000000, 0x0000000084f00000| Untracked 
|  80|0x0000000085000000, 0x0000000085100000, 0x0000000085100000|100%| O|  |TAMS 0x0000000085100000, 0x0000000085000000| Untracked 
|  81|0x0000000085100000, 0x0000000085200000, 0x0000000085200000|100%| O|  |TAMS 0x0000000085200000, 0x0000000085100000| Untracked 
|  82|0x0000000085200000, 0x0000000085300000, 0x0000000085300000|100%| O|  |TAMS 0x0000000085300000, 0x0000000085200000| Untracked 
|  83|0x0000000085300000, 0x0000000085400000, 0x0000000085400000|100%| O|  |TAMS 0x0000000085400000, 0x0000000085300000| Untracked 
|  84|0x0000000085400000, 0x0000000085500000, 0x0000000085500000|100%| O|  |TAMS 0x0000000085500000, 0x0000000085400000| Untracked 
|  85|0x0000000085500000, 0x0000000085600000, 0x0000000085600000|100%| O|  |TAMS 0x0000000085600000, 0x0000000085500000| Untracked 
|  86|0x0000000085600000, 0x0000000085700000, 0x0000000085700000|100%| O|  |TAMS 0x0000000085700000, 0x0000000085600000| Untracked 
|  87|0x0000000085700000, 0x0000000085800000, 0x0000000085800000|100%| O|  |TAMS 0x0000000085800000, 0x0000000085700000| Untracked 
|  88|0x0000000085800000, 0x0000000085900000, 0x0000000085900000|100%| O|  |TAMS 0x0000000085900000, 0x0000000085800000| Untracked 
|  89|0x0000000085900000, 0x0000000085a00000, 0x0000000085a00000|100%| O|  |TAMS 0x0000000085a00000, 0x0000000085900000| Untracked 
|  90|0x0000000085a00000, 0x0000000085b00000, 0x0000000085b00000|100%| O|  |TAMS 0x0000000085b00000, 0x0000000085a00000| Untracked 
|  91|0x0000000085b00000, 0x0000000085b6bc00, 0x0000000085c00000| 42%| O|  |TAMS 0x0000000085b6bc00, 0x0000000085b00000| Untracked 
|  92|0x0000000085c00000, 0x0000000085c00000, 0x0000000085d00000|  0%| F|  |TAMS 0x0000000085c00000, 0x0000000085c00000| Untracked 
|  93|0x0000000085d00000, 0x0000000085d00000, 0x0000000085e00000|  0%| F|  |TAMS 0x0000000085d00000, 0x0000000085d00000| Untracked 
|  94|0x0000000085e00000, 0x0000000085e00000, 0x0000000085f00000|  0%| F|  |TAMS 0x0000000085e00000, 0x0000000085e00000| Untracked 
|  95|0x0000000085f00000, 0x0000000085f00000, 0x0000000086000000|  0%| F|  |TAMS 0x0000000085f00000, 0x0000000085f00000| Untracked 
|  96|0x0000000086000000, 0x0000000086000000, 0x0000000086100000|  0%| F|  |TAMS 0x0000000086000000, 0x0000000086000000| Untracked 
|  97|0x0000000086100000, 0x0000000086100000, 0x0000000086200000|  0%| F|  |TAMS 0x0000000086100000, 0x0000000086100000| Untracked 
|  98|0x0000000086200000, 0x0000000086200000, 0x0000000086300000|  0%| F|  |TAMS 0x0000000086200000, 0x0000000086200000| Untracked 
|  99|0x0000000086300000, 0x0000000086300000, 0x0000000086400000|  0%| F|  |TAMS 0x0000000086300000, 0x0000000086300000| Untracked 
| 100|0x0000000086400000, 0x0000000086400000, 0x0000000086500000|  0%| F|  |TAMS 0x0000000086400000, 0x0000000086400000| Untracked 
| 101|0x0000000086500000, 0x0000000086500000, 0x0000000086600000|  0%| F|  |TAMS 0x0000000086500000, 0x0000000086500000| Untracked 
| 102|0x0000000086600000, 0x0000000086600000, 0x0000000086700000|  0%| F|  |TAMS 0x0000000086600000, 0x0000000086600000| Untracked 
| 103|0x0000000086700000, 0x0000000086700000, 0x0000000086800000|  0%| F|  |TAMS 0x0000000086700000, 0x0000000086700000| Untracked 
| 104|0x0000000086800000, 0x0000000086800000, 0x0000000086900000|  0%| F|  |TAMS 0x0000000086800000, 0x0000000086800000| Untracked 
| 105|0x0000000086900000, 0x0000000086900000, 0x0000000086a00000|  0%| F|  |TAMS 0x0000000086900000, 0x0000000086900000| Untracked 
| 106|0x0000000086a00000, 0x0000000086a00000, 0x0000000086b00000|  0%| F|  |TAMS 0x0000000086a00000, 0x0000000086a00000| Untracked 
| 107|0x0000000086b00000, 0x0000000086b00000, 0x0000000086c00000|  0%| F|  |TAMS 0x0000000086b00000, 0x0000000086b00000| Untracked 
| 108|0x0000000086c00000, 0x0000000086c00000, 0x0000000086d00000|  0%| F|  |TAMS 0x0000000086c00000, 0x0000000086c00000| Untracked 
| 109|0x0000000086d00000, 0x0000000086d00000, 0x0000000086e00000|  0%| F|  |TAMS 0x0000000086d00000, 0x0000000086d00000| Untracked 
| 110|0x0000000086e00000, 0x0000000086e00000, 0x0000000086f00000|  0%| F|  |TAMS 0x0000000086e00000, 0x0000000086e00000| Untracked 
| 111|0x0000000086f00000, 0x0000000086f00000, 0x0000000087000000|  0%| F|  |TAMS 0x0000000086f00000, 0x0000000086f00000| Untracked 
| 112|0x0000000087000000, 0x0000000087000000, 0x0000000087100000|  0%| F|  |TAMS 0x0000000087000000, 0x0000000087000000| Untracked 
| 113|0x0000000087100000, 0x0000000087100000, 0x0000000087200000|  0%| F|  |TAMS 0x0000000087100000, 0x0000000087100000| Untracked 
| 114|0x0000000087200000, 0x0000000087200000, 0x0000000087300000|  0%| F|  |TAMS 0x0000000087200000, 0x0000000087200000| Untracked 
| 115|0x0000000087300000, 0x0000000087300000, 0x0000000087400000|  0%| F|  |TAMS 0x0000000087300000, 0x0000000087300000| Untracked 
| 116|0x0000000087400000, 0x0000000087400000, 0x0000000087500000|  0%| F|  |TAMS 0x0000000087400000, 0x0000000087400000| Untracked 
| 117|0x0000000087500000, 0x0000000087560348, 0x0000000087600000| 37%| S|CS|TAMS 0x0000000087500000, 0x0000000087500000| Complete 
| 118|0x0000000087600000, 0x0000000087600000, 0x0000000087700000|  0%| F|  |TAMS 0x0000000087600000, 0x0000000087600000| Untracked 
| 119|0x0000000087700000, 0x0000000087700000, 0x0000000087800000|  0%| F|  |TAMS 0x0000000087700000, 0x0000000087700000| Untracked 
| 120|0x0000000087800000, 0x0000000087800000, 0x0000000087900000|  0%| F|  |TAMS 0x0000000087800000, 0x0000000087800000| Untracked 
| 121|0x0000000087900000, 0x0000000087a00000, 0x0000000087a00000|100%| S|CS|TAMS 0x0000000087900000, 0x0000000087900000| Complete 
| 122|0x0000000087a00000, 0x0000000087a00000, 0x0000000087b00000|  0%| F|  |TAMS 0x0000000087a00000, 0x0000000087a00000| Untracked 
| 123|0x0000000087b00000, 0x0000000087b00000, 0x0000000087c00000|  0%| F|  |TAMS 0x0000000087b00000, 0x0000000087b00000| Untracked 
| 124|0x0000000087c00000, 0x0000000087c00000, 0x0000000087d00000|  0%| F|  |TAMS 0x0000000087c00000, 0x0000000087c00000| Untracked 
| 125|0x0000000087d00000, 0x0000000087d00000, 0x0000000087e00000|  0%| F|  |TAMS 0x0000000087d00000, 0x0000000087d00000| Untracked 
| 126|0x0000000087e00000, 0x0000000087e00000, 0x0000000087f00000|  0%| F|  |TAMS 0x0000000087e00000, 0x0000000087e00000| Untracked 
| 127|0x0000000087f00000, 0x0000000087f00000, 0x0000000088000000|  0%| F|  |TAMS 0x0000000087f00000, 0x0000000087f00000| Untracked 
| 128|0x0000000088000000, 0x0000000088000000, 0x0000000088100000|  0%| F|  |TAMS 0x0000000088000000, 0x0000000088000000| Untracked 
| 129|0x0000000088100000, 0x0000000088100000, 0x0000000088200000|  0%| F|  |TAMS 0x0000000088100000, 0x0000000088100000| Untracked 
| 130|0x0000000088200000, 0x0000000088200000, 0x0000000088300000|  0%| F|  |TAMS 0x0000000088200000, 0x0000000088200000| Untracked 
| 131|0x0000000088300000, 0x0000000088300000, 0x0000000088400000|  0%| F|  |TAMS 0x0000000088300000, 0x0000000088300000| Untracked 
| 132|0x0000000088400000, 0x0000000088400000, 0x0000000088500000|  0%| F|  |TAMS 0x0000000088400000, 0x0000000088400000| Untracked 
| 133|0x0000000088500000, 0x0000000088500000, 0x0000000088600000|  0%| F|  |TAMS 0x0000000088500000, 0x0000000088500000| Untracked 
| 134|0x0000000088600000, 0x0000000088600000, 0x0000000088700000|  0%| F|  |TAMS 0x0000000088600000, 0x0000000088600000| Untracked 
| 135|0x0000000088700000, 0x0000000088700000, 0x0000000088800000|  0%| F|  |TAMS 0x0000000088700000, 0x0000000088700000| Untracked 
| 136|0x0000000088800000, 0x0000000088800000, 0x0000000088900000|  0%| F|  |TAMS 0x0000000088800000, 0x0000000088800000| Untracked 
| 137|0x0000000088900000, 0x0000000088900000, 0x0000000088a00000|  0%| F|  |TAMS 0x0000000088900000, 0x0000000088900000| Untracked 
| 138|0x0000000088a00000, 0x0000000088a00000, 0x0000000088b00000|  0%| F|  |TAMS 0x0000000088a00000, 0x0000000088a00000| Untracked 
| 139|0x0000000088b00000, 0x0000000088b00000, 0x0000000088c00000|  0%| F|  |TAMS 0x0000000088b00000, 0x0000000088b00000| Untracked 
| 140|0x0000000088c00000, 0x0000000088c00000, 0x0000000088d00000|  0%| F|  |TAMS 0x0000000088c00000, 0x0000000088c00000| Untracked 
| 141|0x0000000088d00000, 0x0000000088d15850, 0x0000000088e00000|  8%| E|  |TAMS 0x0000000088d00000, 0x0000000088d00000| Complete 
| 142|0x0000000088e00000, 0x0000000088f00000, 0x0000000088f00000|100%| E|CS|TAMS 0x0000000088e00000, 0x0000000088e00000| Complete 
| 143|0x0000000088f00000, 0x0000000089000000, 0x0000000089000000|100%| E|CS|TAMS 0x0000000088f00000, 0x0000000088f00000| Complete 
| 144|0x0000000089000000, 0x0000000089100000, 0x0000000089100000|100%| E|CS|TAMS 0x0000000089000000, 0x0000000089000000| Complete 
| 145|0x0000000089100000, 0x0000000089200000, 0x0000000089200000|100%| E|CS|TAMS 0x0000000089100000, 0x0000000089100000| Complete 
| 146|0x0000000089200000, 0x0000000089300000, 0x0000000089300000|100%| E|CS|TAMS 0x0000000089200000, 0x0000000089200000| Complete 
| 147|0x0000000089300000, 0x0000000089400000, 0x0000000089400000|100%| E|CS|TAMS 0x0000000089300000, 0x0000000089300000| Complete 
| 148|0x0000000089400000, 0x0000000089500000, 0x0000000089500000|100%| E|CS|TAMS 0x0000000089400000, 0x0000000089400000| Complete 
| 149|0x0000000089500000, 0x0000000089600000, 0x0000000089600000|100%| E|CS|TAMS 0x0000000089500000, 0x0000000089500000| Complete 
| 150|0x0000000089600000, 0x0000000089700000, 0x0000000089700000|100%| E|CS|TAMS 0x0000000089600000, 0x0000000089600000| Complete 
| 151|0x0000000089700000, 0x0000000089800000, 0x0000000089800000|100%| E|CS|TAMS 0x0000000089700000, 0x0000000089700000| Complete 
| 152|0x0000000089800000, 0x0000000089900000, 0x0000000089900000|100%| E|CS|TAMS 0x0000000089800000, 0x0000000089800000| Complete 
| 153|0x0000000089900000, 0x0000000089a00000, 0x0000000089a00000|100%| E|CS|TAMS 0x0000000089900000, 0x0000000089900000| Complete 

Card table byte_map: [0x000001a1a4360000,0x000001a1a4760000] _byte_map_base: 0x000001a1a3f60000

Marking Bits (Prev, Next): (CMBitMap*) 0x000001a190bbc628, (CMBitMap*) 0x000001a190bbc660
 Prev Bits: [0x000001a1a4b60000, 0x000001a1a6b60000)
 Next Bits: [0x000001a1a6b60000, 0x000001a1a8b60000)

Polling page: 0x000001a18f350000

Metaspace:

Usage:
  Non-class:     71.15 MB capacity,    69.84 MB ( 98%) used,     1.11 MB (  2%) free+waste,   200.88 KB ( <1%) overhead. 
      Class:     10.91 MB capacity,    10.21 MB ( 94%) used,   623.56 KB (  6%) free+waste,    90.06 KB ( <1%) overhead. 
       Both:     82.05 MB capacity,    80.05 MB ( 98%) used,     1.72 MB (  2%) free+waste,   290.94 KB ( <1%) overhead. 

Virtual space:
  Non-class space:       72.00 MB reserved,      71.33 MB (>99%) committed 
      Class space:        1.00 GB reserved,      11.00 MB (  1%) committed 
             Both:        1.07 GB reserved,      82.33 MB (  8%) committed 

Chunk freelists:
   Non-Class:  59.00 KB
       Class:  94.00 KB
        Both:  153.00 KB

MaxMetaspaceSize: 17179869184.00 GB
CompressedClassSpaceSize: 1.00 GB

CodeHeap 'non-profiled nmethods': size=120000Kb used=6615Kb max_used=6615Kb free=113384Kb
 bounds [0x000001a19bfd0000, 0x000001a19c650000, 0x000001a1a3500000]
CodeHeap 'profiled nmethods': size=120000Kb used=23874Kb max_used=23874Kb free=96125Kb
 bounds [0x000001a194aa0000, 0x000001a196200000, 0x000001a19bfd0000]
CodeHeap 'non-nmethods': size=5760Kb used=2284Kb max_used=2322Kb free=3475Kb
 bounds [0x000001a194500000, 0x000001a194770000, 0x000001a194aa0000]
 total_blobs=11676 nmethods=10789 adapters=798
 compilation: enabled
              stopped_count=0, restarted_count=0
 full_count=0

Compilation events (20 events):
Event: 63.862 Thread 0x000001a1abf57000 nmethod 11051 0x000001a1961cdc90 code [0x000001a1961cde80, 0x000001a1961ce1a8]
Event: 63.864 Thread 0x000001a1abf57000 11052       3       kotlin.reflect.jvm.internal.impl.resolve.descriptorUtil.DescriptorUtilsKt::getModule (17 bytes)
Event: 63.864 Thread 0x000001a1abf57000 nmethod 11052 0x000001a1961ce310 code [0x000001a1961ce500, 0x000001a1961ce728]
Event: 63.866 Thread 0x000001a1b5873800 11053       4       java.lang.ClassLoader::defineClass (43 bytes)
Event: 63.876 Thread 0x000001a1abf57000 11054       3       kotlin.reflect.jvm.internal.impl.load.kotlin.header.ReadKotlinClassHeaderAnnotationVisitor$CollectStringArrayAnnotationVisitor::<init> (16 bytes)
Event: 63.876 Thread 0x000001a1abf57000 nmethod 11054 0x000001a1961ce890 code [0x000001a1961cea80, 0x000001a1961cee78]
Event: 63.876 Thread 0x000001a1abf57000 11060   !   3       kotlin.reflect.jvm.internal.impl.metadata.ProtoBuf$Class::<init> (1949 bytes)
Event: 63.898 Thread 0x000001a1abf57000 nmethod 11060 0x000001a1961cf010 code [0x000001a1961d0ce0, 0x000001a1961e92d8]
Event: 63.898 Thread 0x000001a1abf57000 11064       3       kotlin.reflect.jvm.internal.impl.types.ErrorUtils::isErrorClass (5 bytes)
Event: 63.898 Thread 0x000001a1abf57000 nmethod 11064 0x000001a1961f0b90 code [0x000001a1961f0d40, 0x000001a1961f0f18]
Event: 63.898 Thread 0x000001a1abf57000 11063       3       kotlin.reflect.jvm.internal.impl.metadata.jvm.JvmProtoBuf$JvmPropertySignature::getSerializedSize (117 bytes)
Event: 63.899 Thread 0x000001a1abf57000 nmethod 11063 0x000001a1961f0f90 code [0x000001a1961f1280, 0x000001a1961f1ec8]
Event: 63.899 Thread 0x000001a1abf57000 11058       3       kotlin.reflect.jvm.internal.impl.protobuf.CodedInputStream::readMessage (68 bytes)
Event: 63.899 Thread 0x000001a1abf57000 nmethod 11058 0x000001a1961f2410 code [0x000001a1961f2620, 0x000001a1961f2a38]
Event: 63.899 Thread 0x000001a1abf57000 11061       3       kotlin.reflect.jvm.internal.impl.metadata.jvm.deserialization.JvmMetadataVersion::isCompatible (65 bytes)
Event: 63.899 Thread 0x000001a1abf57000 nmethod 11061 0x000001a1961f2c10 code [0x000001a1961f2de0, 0x000001a1961f3128]
Event: 63.899 Thread 0x000001a1abf57000 11062       3       kotlin.reflect.jvm.internal.impl.serialization.deserialization.DeserializationConfiguration$Default::getSkipMetadataVersionCheck (5 bytes)
Event: 63.900 Thread 0x000001a1abf57000 nmethod 11062 0x000001a1961f3210 code [0x000001a1961f33c0, 0x000001a1961f3518]
Event: 63.900 Thread 0x000001a1abf57000 11055       3       java.lang.Class::getSimpleBinaryName (23 bytes)
Event: 63.900 Thread 0x000001a1abf57000 nmethod 11055 0x000001a1961f3610 code [0x000001a1961f3820, 0x000001a1961f3c98]

GC Heap History (20 events):
Event: 31.305 GC heap before
{Heap before GC invocations=20 (full 0):
 garbage-first heap   total 131072K, used 107158K [0x0000000080000000, 0x0000000100000000)
  region size 1024K, 35 young (35840K), 5 survivors (5120K)
 Metaspace       used 73367K, capacity 75486K, committed 75728K, reserved 1114112K
  class space    used 9575K, capacity 10313K, committed 10368K, reserved 1048576K
}
Event: 31.313 GC heap after
{Heap after GC invocations=21 (full 0):
 garbage-first heap   total 131072K, used 78889K [0x0000000080000000, 0x0000000100000000)
  region size 1024K, 2 young (2048K), 2 survivors (2048K)
 Metaspace       used 73367K, capacity 75486K, committed 75728K, reserved 1114112K
  class space    used 9575K, capacity 10313K, committed 10368K, reserved 1048576K
}
Event: 31.500 GC heap before
{Heap before GC invocations=21 (full 0):
 garbage-first heap   total 131072K, used 107561K [0x0000000080000000, 0x0000000100000000)
  region size 1024K, 31 young (31744K), 2 survivors (2048K)
 Metaspace       used 73500K, capacity 75551K, committed 75728K, reserved 1114112K
  class space    used 9575K, capacity 10313K, committed 10368K, reserved 1048576K
}
Event: 31.502 GC heap after
{Heap after GC invocations=22 (full 0):
 garbage-first heap   total 131072K, used 80238K [0x0000000080000000, 0x0000000100000000)
  region size 1024K, 4 young (4096K), 4 survivors (4096K)
 Metaspace       used 73500K, capacity 75551K, committed 75728K, reserved 1114112K
  class space    used 9575K, capacity 10313K, committed 10368K, reserved 1048576K
}
Event: 31.846 GC heap before
{Heap before GC invocations=23 (full 0):
 garbage-first heap   total 131072K, used 107886K [0x0000000080000000, 0x0000000100000000)
  region size 1024K, 32 young (32768K), 4 survivors (4096K)
 Metaspace       used 74232K, capacity 76291K, committed 76624K, reserved 1116160K
  class space    used 9625K, capacity 10374K, committed 10496K, reserved 1048576K
}
Event: 31.852 GC heap after
{Heap after GC invocations=24 (full 0):
 garbage-first heap   total 131072K, used 82944K [0x0000000080000000, 0x0000000100000000)
  region size 1024K, 4 young (4096K), 4 survivors (4096K)
 Metaspace       used 74232K, capacity 76291K, committed 76624K, reserved 1116160K
  class space    used 9625K, capacity 10374K, committed 10496K, reserved 1048576K
}
Event: 32.284 GC heap before
{Heap before GC invocations=24 (full 0):
 garbage-first heap   total 131072K, used 109568K [0x0000000080000000, 0x0000000100000000)
  region size 1024K, 31 young (31744K), 4 survivors (4096K)
 Metaspace       used 75102K, capacity 77184K, committed 77520K, reserved 1116160K
  class space    used 9702K, capacity 10481K, committed 10624K, reserved 1048576K
}
Event: 32.291 GC heap after
{Heap after GC invocations=25 (full 0):
 garbage-first heap   total 131072K, used 85915K [0x0000000080000000, 0x0000000100000000)
  region size 1024K, 4 young (4096K), 4 survivors (4096K)
 Metaspace       used 75102K, capacity 77184K, committed 77520K, reserved 1116160K
  class space    used 9702K, capacity 10481K, committed 10624K, reserved 1048576K
}
Event: 32.470 GC heap before
{Heap before GC invocations=26 (full 0):
 garbage-first heap   total 131072K, used 108443K [0x0000000080000000, 0x0000000100000000)
  region size 1024K, 27 young (27648K), 4 survivors (4096K)
 Metaspace       used 75064K, capacity 76996K, committed 77520K, reserved 1116160K
  class space    used 9639K, capacity 10360K, committed 10624K, reserved 1048576K
}
Event: 32.474 GC heap after
{Heap after GC invocations=27 (full 0):
 garbage-first heap   total 131072K, used 87222K [0x0000000080000000, 0x0000000100000000)
  region size 1024K, 2 young (2048K), 2 survivors (2048K)
 Metaspace       used 75064K, capacity 76996K, committed 77520K, reserved 1116160K
  class space    used 9639K, capacity 10360K, committed 10624K, reserved 1048576K
}
Event: 32.673 GC heap before
{Heap before GC invocations=27 (full 0):
 garbage-first heap   total 131072K, used 99510K [0x0000000080000000, 0x0000000100000000)
  region size 1024K, 16 young (16384K), 2 survivors (2048K)
 Metaspace       used 75125K, capacity 77001K, committed 77520K, reserved 1116160K
  class space    used 9639K, capacity 10360K, committed 10624K, reserved 1048576K
}
Event: 32.684 GC heap after
{Heap after GC invocations=28 (full 0):
 garbage-first heap   total 157696K, used 87714K [0x0000000080000000, 0x0000000100000000)
  region size 1024K, 3 young (3072K), 3 survivors (3072K)
 Metaspace       used 75125K, capacity 77001K, committed 77520K, reserved 1116160K
  class space    used 9639K, capacity 10360K, committed 10624K, reserved 1048576K
}
Event: 33.732 GC heap before
{Heap before GC invocations=29 (full 0):
 garbage-first heap   total 157696K, used 123554K [0x0000000080000000, 0x0000000100000000)
  region size 1024K, 38 young (38912K), 3 survivors (3072K)
 Metaspace       used 76557K, capacity 78522K, committed 78928K, reserved 1118208K
  class space    used 9827K, capacity 10531K, committed 10752K, reserved 1048576K
}
Event: 33.741 GC heap after
{Heap after GC invocations=30 (full 0):
 garbage-first heap   total 157696K, used 89485K [0x0000000080000000, 0x0000000100000000)
  region size 1024K, 4 young (4096K), 4 survivors (4096K)
 Metaspace       used 76557K, capacity 78522K, committed 78928K, reserved 1118208K
  class space    used 9827K, capacity 10531K, committed 10752K, reserved 1048576K
}
Event: 63.284 GC heap before
{Heap before GC invocations=30 (full 0):
 garbage-first heap   total 157696K, used 125325K [0x0000000080000000, 0x0000000100000000)
  region size 1024K, 40 young (40960K), 4 survivors (4096K)
 Metaspace       used 79624K, capacity 81607K, committed 81744K, reserved 1120256K
  class space    used 10180K, capacity 10902K, committed 11008K, reserved 1048576K
}
Event: 63.292 GC heap after
{Heap after GC invocations=31 (full 0):
 garbage-first heap   total 157696K, used 93614K [0x0000000080000000, 0x0000000100000000)
  region size 1024K, 5 young (5120K), 5 survivors (5120K)
 Metaspace       used 79624K, capacity 81607K, committed 81744K, reserved 1120256K
  class space    used 10180K, capacity 10902K, committed 11008K, reserved 1048576K
}
Event: 63.511 GC heap before
{Heap before GC invocations=32 (full 0):
 garbage-first heap   total 157696K, used 127406K [0x0000000080000000, 0x0000000100000000)
  region size 1024K, 38 young (38912K), 5 survivors (5120K)
 Metaspace       used 80108K, capacity 82087K, committed 82384K, reserved 1120256K
  class space    used 10211K, capacity 10934K, committed 11136K, reserved 1048576K
}
Event: 63.519 GC heap after
{Heap after GC invocations=33 (full 0):
 garbage-first heap   total 157696K, used 96243K [0x0000000080000000, 0x0000000100000000)
  region size 1024K, 3 young (3072K), 3 survivors (3072K)
 Metaspace       used 80108K, capacity 82087K, committed 82384K, reserved 1120256K
  class space    used 10211K, capacity 10934K, committed 11136K, reserved 1048576K
}
Event: 63.713 GC heap before
{Heap before GC invocations=33 (full 0):
 garbage-first heap   total 157696K, used 127987K [0x0000000080000000, 0x0000000100000000)
  region size 1024K, 35 young (35840K), 3 survivors (3072K)
 Metaspace       used 80958K, capacity 83031K, committed 83280K, reserved 1122304K
  class space    used 10333K, capacity 11074K, committed 11264K, reserved 1048576K
}
Event: 63.717 GC heap after
{Heap after GC invocations=34 (full 0):
 garbage-first heap   total 157696K, used 95023K [0x0000000080000000, 0x0000000100000000)
  region size 1024K, 2 young (2048K), 2 survivors (2048K)
 Metaspace       used 80958K, capacity 83031K, committed 83280K, reserved 1122304K
  class space    used 10333K, capacity 11074K, committed 11264K, reserved 1048576K
}

Deoptimization events (20 events):
Event: 63.745 Thread 0x000001a1b06e3000 DEOPT PACKING pc=0x000001a19c62cc74 sp=0x0000002863ff8680
Event: 63.745 Thread 0x000001a1b06e3000 DEOPT UNPACKING pc=0x000001a1945274af sp=0x0000002863ff8578 mode 2
Event: 63.747 Thread 0x000001a1b06e3000 Uncommon trap: trap_request=0xffffff4d fr.pc=0x000001a19c62ed90 relative=0x00000000000001d0
Event: 63.747 Thread 0x000001a1b06e3000 Uncommon trap: reason=unstable_if action=reinterpret pc=0x000001a19c62ed90 method=kotlin.reflect.jvm.internal.impl.protobuf.CodedInputStream.readRawVarint32()I @ 10 c2
Event: 63.747 Thread 0x000001a1b06e3000 DEOPT PACKING pc=0x000001a19c62ed90 sp=0x0000002863ff91b0
Event: 63.747 Thread 0x000001a1b06e3000 DEOPT UNPACKING pc=0x000001a1945274af sp=0x0000002863ff9130 mode 2
Event: 63.748 Thread 0x000001a1b06e3000 Uncommon trap: trap_request=0xffffffc6 fr.pc=0x000001a19c62cc74 relative=0x0000000000000574
Event: 63.748 Thread 0x000001a1b06e3000 Uncommon trap: reason=bimorphic_or_optimized_type_check action=maybe_recompile pc=0x000001a19c62cc74 method=kotlin.reflect.jvm.internal.impl.protobuf.CodedInputStream.tryRefillBuffer(I)Z @ 175 c2
Event: 63.748 Thread 0x000001a1b06e3000 DEOPT PACKING pc=0x000001a19c62cc74 sp=0x0000002863ff99d0
Event: 63.748 Thread 0x000001a1b06e3000 DEOPT UNPACKING pc=0x000001a1945274af sp=0x0000002863ff98c8 mode 2
Event: 63.761 Thread 0x000001a1b06e3000 Uncommon trap: trap_request=0xffffff4d fr.pc=0x000001a19c2c854c relative=0x000000000000060c
Event: 63.761 Thread 0x000001a1b06e3000 Uncommon trap: reason=unstable_if action=reinterpret pc=0x000001a19c2c854c method=java.lang.String.indexOf([BBILjava/lang/String;I)I @ 54 c2
Event: 63.761 Thread 0x000001a1b06e3000 DEOPT PACKING pc=0x000001a19c2c854c sp=0x0000002863ff9e90
Event: 63.761 Thread 0x000001a1b06e3000 DEOPT UNPACKING pc=0x000001a1945274af sp=0x0000002863ff9df8 mode 2
Event: 63.777 Thread 0x000001a1b06e3000 Uncommon trap: trap_request=0xffffff4d fr.pc=0x000001a19c5af554 relative=0x0000000000000234
Event: 63.777 Thread 0x000001a1b06e3000 Uncommon trap: reason=unstable_if action=reinterpret pc=0x000001a19c5af554 method=java.io.ByteArrayInputStream.read()I @ 8 c2
Event: 63.777 Thread 0x000001a1b06e3000 DEOPT PACKING pc=0x000001a19c5af554 sp=0x0000002863ffb6b0
Event: 63.777 Thread 0x000001a1b06e3000 DEOPT UNPACKING pc=0x000001a1945274af sp=0x0000002863ffb668 mode 2
Event: 63.841 Thread 0x000001a1b06e3000 DEOPT PACKING pc=0x000001a195d6006e sp=0x0000002863ffbb70
Event: 63.841 Thread 0x000001a1b06e3000 DEOPT UNPACKING pc=0x000001a1945272ce sp=0x0000002863ffb090 mode 0

Classes redefined (0 events):
No events

Internal exceptions (20 events):
Event: 33.522 Thread 0x000001a1b06e3000 Exception <a 'java/lang/NoSuchMethodError'{0x00000000884871f0}: <clinit>> (0x00000000884871f0) thrown at [./src/hotspot/share/prims/jni.cpp, line 1362]
Event: 33.525 Thread 0x000001a1b06e3000 Exception <a 'java/lang/NoSuchMethodError'{0x000000008849d250}: <clinit>> (0x000000008849d250) thrown at [./src/hotspot/share/prims/jni.cpp, line 1362]
Event: 33.525 Thread 0x000001a1b06e3000 Exception <a 'java/lang/NoSuchMethodError'{0x000000008849e488}: <clinit>> (0x000000008849e488) thrown at [./src/hotspot/share/prims/jni.cpp, line 1362]
Event: 34.184 Thread 0x000001a1b06e3000 Exception <a 'java/lang/NoSuchMethodError'{0x0000000088448570}: <clinit>> (0x0000000088448570) thrown at [./src/hotspot/share/prims/jni.cpp, line 1362]
Event: 34.185 Thread 0x000001a1b06e3000 Exception <a 'java/lang/NoSuchMethodError'{0x0000000088463958}: <clinit>> (0x0000000088463958) thrown at [./src/hotspot/share/prims/jni.cpp, line 1362]
Event: 34.186 Thread 0x000001a1b06e3000 Exception <a 'java/lang/NoSuchMethodError'{0x0000000088479760}: <clinit>> (0x0000000088479760) thrown at [./src/hotspot/share/prims/jni.cpp, line 1362]
Event: 34.188 Thread 0x000001a1b06e3000 Exception <a 'java/lang/NoSuchMethodError'{0x00000000884895a8}: <clinit>> (0x00000000884895a8) thrown at [./src/hotspot/share/prims/jni.cpp, line 1362]
Event: 34.188 Thread 0x000001a1b06e3000 Exception <a 'java/lang/NoSuchMethodError'{0x000000008848e288}: <clinit>> (0x000000008848e288) thrown at [./src/hotspot/share/prims/jni.cpp, line 1362]
Event: 34.189 Thread 0x000001a1b06e3000 Exception <a 'java/lang/NoSuchMethodError'{0x00000000884aac60}: <clinit>> (0x00000000884aac60) thrown at [./src/hotspot/share/prims/jni.cpp, line 1362]
Event: 34.199 Thread 0x000001a1b06e3000 Exception <a 'java/lang/NoSuchMethodError'{0x00000000883306a0}: <clinit>> (0x00000000883306a0) thrown at [./src/hotspot/share/prims/jni.cpp, line 1362]
Event: 34.292 Thread 0x000001a1b5872800 Exception <a 'java/lang/NoSuchMethodError'{0x00000000881b5128}: 'void java.lang.invoke.DirectMethodHandle$Holder.invokeStatic(java.lang.Object, long)'> (0x00000000881b5128) thrown at [./src/hotspot/share/interpreter/linkResolver.cpp, line 773]
Event: 34.293 Thread 0x000001a1b5872800 Exception <a 'java/lang/NoSuchMethodError'{0x00000000881ba340}: 'java.lang.Object java.lang.invoke.DirectMethodHandle$Holder.invokeStatic(java.lang.Object, long)'> (0x00000000881ba340) thrown at [./src/hotspot/share/interpreter/linkResolver.cpp, line 773]
Event: 34.295 Thread 0x000001a1b5872800 Exception <a 'java/lang/NoSuchMethodError'{0x00000000881c88b0}: 'java.lang.Object java.lang.invoke.DirectMethodHandle$Holder.invokeStaticInit(java.lang.Object, java.lang.Object, long, java.lang.Object)'> (0x00000000881c88b0) thrown at [./src/hotspot/share/interpreter/linkResolver.cpp, line 773]
Event: 34.295 Thread 0x000001a1b5872800 Exception <a 'java/lang/NoSuchMethodError'{0x00000000881ce7a0}: 'java.lang.Object java.lang.invoke.DirectMethodHandle$Holder.invokeStatic(java.lang.Object, java.lang.Object, long)'> (0x00000000881ce7a0) thrown at [./src/hotspot/share/interpreter/linkResolver.cpp, line 773]
Event: 34.295 Thread 0x000001a1b5872800 Exception <a 'java/lang/NoSuchMethodError'{0x00000000881d5010}: 'java.lang.Object java.lang.invoke.Invokers$Holder.linkToTargetMethod(java.lang.Object, long, java.lang.Object)'> (0x00000000881d5010) thrown at [./src/hotspot/share/interpreter/linkResolver.cpp, line 773]
Event: 34.400 Thread 0x000001a1b5872800 Exception <a 'java/lang/NoSuchMethodError'{0x0000000087f53b68}: 'int java.lang.invoke.DirectMethodHandle$Holder.invokeSpecialIFC(java.lang.Object, java.lang.Object, java.lang.Object)'> (0x0000000087f53b68) thrown at [./src/hotspot/share/interpreter/linkResolver.cpp, line 773]
Event: 63.439 Thread 0x000001a1b5872800 Exception <a 'sun/nio/fs/WindowsException'{0x000000008812f028}> (0x000000008812f028) thrown at [./src/hotspot/share/prims/jni.cpp, line 615]
Event: 63.442 Thread 0x000001a1b5872800 Exception <a 'sun/nio/fs/WindowsException'{0x0000000088144a20}> (0x0000000088144a20) thrown at [./src/hotspot/share/prims/jni.cpp, line 615]
Event: 63.442 Thread 0x000001a1b5872800 Exception <a 'sun/nio/fs/WindowsException'{0x0000000088144b08}> (0x0000000088144b08) thrown at [./src/hotspot/share/prims/jni.cpp, line 615]
Event: 63.670 Thread 0x000001a1b06e3000 Exception <a 'java/lang/NoSuchMethodError'{0x0000000087d06170}: 'java.lang.Object java.lang.invoke.DirectMethodHandle$Holder.invokeSpecialIFC(java.lang.Object, java.lang.Object, java.lang.Object)'> (0x0000000087d06170) thrown at [./src/hotspot/share/interpreter/linkResolver.cpp, line 773]

Events (20 events):
Event: 63.872 loading class kotlin/reflect/jvm/internal/impl/load/java/descriptors/JavaCallableMemberDescriptor
Event: 63.872 loading class kotlin/reflect/jvm/internal/impl/load/java/descriptors/JavaCallableMemberDescriptor done
Event: 63.873 loading class kotlin/reflect/jvm/internal/impl/utils/SmartSet$SingletonIterator
Event: 63.873 loading class kotlin/reflect/jvm/internal/impl/utils/SmartSet$SingletonIterator done
Event: 63.873 loading class kotlin/jvm/internal/markers/KMutableIterator
Event: 63.873 loading class kotlin/jvm/internal/markers/KMutableIterator done
Event: 63.874 loading class org/jetbrains/kotlin/config/LanguageFeature
Event: 63.874 loading class org/jetbrains/kotlin/config/LanguageFeature done
Event: 63.876 loading class kotlin/reflect/jvm/internal/impl/resolve/scopes/StaticScopeForKotlinEnum
Event: 63.876 loading class kotlin/reflect/jvm/internal/impl/resolve/scopes/StaticScopeForKotlinEnum done
Event: 63.877 loading class kotlin/reflect/jvm/internal/impl/resolve/scopes/StaticScopeForKotlinEnum$functions$2
Event: 63.877 loading class kotlin/reflect/jvm/internal/impl/resolve/scopes/StaticScopeForKotlinEnum$functions$2 done
Event: 63.878 loading class kotlin/reflect/jvm/internal/impl/serialization/deserialization/descriptors/DeserializedClassDescriptor$EnumEntryClassDescriptors
Event: 63.878 loading class kotlin/reflect/jvm/internal/impl/serialization/deserialization/descriptors/DeserializedClassDescriptor$EnumEntryClassDescriptors done
Event: 63.879 loading class kotlin/reflect/jvm/internal/impl/serialization/deserialization/descriptors/DeserializedClassDescriptor$EnumEntryClassDescriptors$enumEntryByName$1
Event: 63.879 loading class kotlin/reflect/jvm/internal/impl/serialization/deserialization/descriptors/DeserializedClassDescriptor$EnumEntryClassDescriptors$enumEntryByName$1 done
Event: 63.879 loading class kotlin/reflect/jvm/internal/impl/serialization/deserialization/descriptors/DeserializedClassDescriptor$EnumEntryClassDescriptors$enumMemberNames$1
Event: 63.879 loading class kotlin/reflect/jvm/internal/impl/serialization/deserialization/descriptors/DeserializedClassDescriptor$EnumEntryClassDescriptors$enumMemberNames$1 done
Event: 63.880 loading class org/jetbrains/kotlin/config/LanguageFeature$State
Event: 63.880 loading class org/jetbrains/kotlin/config/LanguageFeature$State done


Dynamic libraries:
0x00007ff7e52b0000 - 0x00007ff7e52ba000 	E:\android_studio\jre\bin\java.exe
0x00007ffb89850000 - 0x00007ffb89a45000 	C:\Windows\SYSTEM32\ntdll.dll
0x00007ffb883b0000 - 0x00007ffb8846d000 	C:\Windows\System32\KERNEL32.DLL
0x00007ffb87510000 - 0x00007ffb877d8000 	C:\Windows\System32\KERNELBASE.dll
0x00007ffb87130000 - 0x00007ffb87230000 	C:\Windows\System32\ucrtbase.dll
0x00007ffb80bb0000 - 0x00007ffb80bc9000 	E:\android_studio\jre\bin\jli.dll
0x00007ffb80710000 - 0x00007ffb80727000 	E:\android_studio\jre\bin\VCRUNTIME140.dll
0x00007ffb88650000 - 0x00007ffb887f0000 	C:\Windows\System32\USER32.dll
0x00007ffb87890000 - 0x00007ffb878b2000 	C:\Windows\System32\win32u.dll
0x00007ffb74900000 - 0x00007ffb74b9a000 	C:\Windows\WinSxS\amd64_microsoft.windows.common-controls_6595b64144ccf1df_6.0.19041.1052_none_60b8f8fd71f5e8cb\COMCTL32.dll
0x00007ffb88470000 - 0x00007ffb8849a000 	C:\Windows\System32\GDI32.dll
0x00007ffb87ab0000 - 0x00007ffb87b4e000 	C:\Windows\System32\msvcrt.dll
0x00007ffb87020000 - 0x00007ffb8712b000 	C:\Windows\System32\gdi32full.dll
0x00007ffb87470000 - 0x00007ffb8750d000 	C:\Windows\System32\msvcp_win.dll
0x00007ffb88e50000 - 0x00007ffb88e80000 	C:\Windows\System32\IMM32.DLL
0x00007ffb68a20000 - 0x00007ffb68abd000 	E:\android_studio\jre\bin\msvcp140.dll
0x00007ffb39e20000 - 0x00007ffb3a8dc000 	E:\android_studio\jre\bin\server\jvm.dll
0x00007ffb89150000 - 0x00007ffb891fc000 	C:\Windows\System32\ADVAPI32.dll
0x00007ffb88c90000 - 0x00007ffb88d2b000 	C:\Windows\System32\sechost.dll
0x00007ffb87980000 - 0x00007ffb87aab000 	C:\Windows\System32\RPCRT4.dll
0x00007ffb88320000 - 0x00007ffb88328000 	C:\Windows\System32\PSAPI.DLL
0x00007ffb73340000 - 0x00007ffb73349000 	C:\Windows\SYSTEM32\WSOCK32.dll
0x00007ffb75d30000 - 0x00007ffb75d57000 	C:\Windows\SYSTEM32\WINMM.dll
0x00007ffb802e0000 - 0x00007ffb802ea000 	C:\Windows\SYSTEM32\VERSION.dll
0x00007ffb89740000 - 0x00007ffb897ab000 	C:\Windows\System32\WS2_32.dll
0x00007ffb858b0000 - 0x00007ffb858c2000 	C:\Windows\SYSTEM32\kernel.appcore.dll
0x00007ffb84440000 - 0x00007ffb84451000 	E:\android_studio\jre\bin\verify.dll
0x00007ffb85570000 - 0x00007ffb85754000 	C:\Windows\SYSTEM32\DBGHELP.DLL
0x00007ffb73990000 - 0x00007ffb739bc000 	C:\Windows\SYSTEM32\dbgcore.DLL
0x00007ffb873e0000 - 0x00007ffb87463000 	C:\Windows\System32\bcryptPrimitives.dll
0x00007ffb84410000 - 0x00007ffb84439000 	E:\android_studio\jre\bin\java.dll
0x00007ffb84400000 - 0x00007ffb8440b000 	E:\android_studio\jre\bin\jimage.dll
0x00007ffb843e0000 - 0x00007ffb843f8000 	E:\android_studio\jre\bin\zip.dll
0x00007ffb87be0000 - 0x00007ffb8831f000 	C:\Windows\System32\SHELL32.dll
0x00007ffb84dd0000 - 0x00007ffb85560000 	C:\Windows\SYSTEM32\windows.storage.dll
0x00007ffb88930000 - 0x00007ffb88c85000 	C:\Windows\System32\combase.dll
0x00007ffb86930000 - 0x00007ffb8695c000 	C:\Windows\SYSTEM32\Wldp.dll
0x00007ffb88e80000 - 0x00007ffb88f2e000 	C:\Windows\System32\SHCORE.dll
0x00007ffb88f30000 - 0x00007ffb88f85000 	C:\Windows\System32\shlwapi.dll
0x00007ffb86ed0000 - 0x00007ffb86eef000 	C:\Windows\SYSTEM32\profapi.dll
0x00007ffb823c0000 - 0x00007ffb823da000 	E:\android_studio\jre\bin\net.dll
0x00007ffb779d0000 - 0x00007ffb77adb000 	C:\Windows\SYSTEM32\WINHTTP.dll
0x00007ffb866a0000 - 0x00007ffb8670a000 	C:\Windows\system32\mswsock.dll
0x00007ffb823a0000 - 0x00007ffb823b4000 	E:\android_studio\jre\bin\nio.dll
0x00007ffb76bb0000 - 0x00007ffb76bd6000 	C:\Users\kidominox\.gradle\wrapper\dists\gradle-6.1.1-all\native\31\windows-amd64\native-platform.dll
0x00007ffb843d0000 - 0x00007ffb843da000 	E:\android_studio\jre\bin\management.dll
0x00007ffb817f0000 - 0x00007ffb817fc000 	E:\android_studio\jre\bin\management_ext.dll
0x00007ffb86880000 - 0x00007ffb86898000 	C:\Windows\SYSTEM32\CRYPTSP.dll
0x00007ffb86040000 - 0x00007ffb86074000 	C:\Windows\system32\rsaenh.dll
0x00007ffb86f90000 - 0x00007ffb86fb7000 	C:\Windows\System32\bcrypt.dll
0x00007ffb86e90000 - 0x00007ffb86ebe000 	C:\Windows\SYSTEM32\USERENV.dll
0x00007ffb86870000 - 0x00007ffb8687c000 	C:\Windows\SYSTEM32\CRYPTBASE.dll
0x00007ffb86390000 - 0x00007ffb863cb000 	C:\Windows\SYSTEM32\IPHLPAPI.DLL
0x00007ffb878c0000 - 0x00007ffb878c8000 	C:\Windows\System32\NSI.dll
0x00007ffb7e8a0000 - 0x00007ffb7e8b7000 	C:\Windows\SYSTEM32\dhcpcsvc6.DLL
0x00007ffb7ece0000 - 0x00007ffb7ecfd000 	C:\Windows\SYSTEM32\dhcpcsvc.DLL
0x00007ffb863d0000 - 0x00007ffb8649c000 	C:\Windows\SYSTEM32\DNSAPI.dll

dbghelp: loaded successfully - version: 4.0.5 - missing functions: none
symbol engine: initialized successfully - sym options: 0x614 - pdb path: .;E:\android_studio\jre\bin;C:\Windows\SYSTEM32;C:\Windows\WinSxS\amd64_microsoft.windows.common-controls_6595b64144ccf1df_6.0.19041.1052_none_60b8f8fd71f5e8cb;E:\android_studio\jre\bin\server;C:\Users\kidominox\.gradle\wrapper\dists\gradle-6.1.1-all\native\31\windows-amd64

VM Arguments:
jvm_args: --add-opens=java.base/java.util=ALL-UNNAMED --add-opens=java.base/java.lang=ALL-UNNAMED --add-opens=java.base/java.lang.invoke=ALL-UNNAMED --add-opens=java.prefs/java.util.prefs=ALL-UNNAMED -Xmx2048m -Dfile.encoding=GBK -Duser.country=CN -Duser.language=zh -Duser.variant 
java_command: org.gradle.launcher.daemon.bootstrap.GradleDaemon 6.1.1
java_class_path (initial): C:\Users\kidominox\.gradle\wrapper\dists\gradle-6.1.1-all\wrapper\dists\gradle-6.1.1-all\cfmwm155h49vnt3hynmlrsdst\gradle-6.1.1\lib\gradle-launcher-6.1.1.jar
Launcher Type: SUN_STANDARD

[Global flags]
     intx CICompilerCount                          = 4                                         {product} {ergonomic}
     uint ConcGCThreads                            = 2                                         {product} {ergonomic}
     uint G1ConcRefinementThreads                  = 8                                         {product} {ergonomic}
   size_t G1HeapRegionSize                         = 1048576                                   {product} {ergonomic}
    uintx GCDrainStackTargetSize                   = 64                                        {product} {ergonomic}
   size_t InitialHeapSize                          = 134217728                                 {product} {ergonomic}
   size_t MarkStackSize                            = 4194304                                   {product} {ergonomic}
   size_t MaxHeapSize                              = 2147483648                                {product} {command line}
   size_t MaxNewSize                               = 1287651328                                {product} {ergonomic}
   size_t MinHeapDeltaBytes                        = 1048576                                   {product} {ergonomic}
    uintx NonNMethodCodeHeapSize                   = 5836300                                {pd product} {ergonomic}
    uintx NonProfiledCodeHeapSize                  = 122910970                              {pd product} {ergonomic}
    uintx ProfiledCodeHeapSize                     = 122910970                              {pd product} {ergonomic}
    uintx ReservedCodeCacheSize                    = 251658240                              {pd product} {ergonomic}
     bool SegmentedCodeCache                       = true                                      {product} {ergonomic}
     bool UseCompressedClassPointers               = true                                 {lp64_product} {ergonomic}
     bool UseCompressedOops                        = true                                 {lp64_product} {ergonomic}
     bool UseG1GC                                  = true                                      {product} {ergonomic}
     bool UseLargePagesIndividualAllocation        = false                                  {pd product} {ergonomic}

Logging:
Log output configuration:
 #0: stdout all=warning uptime,level,tags
 #1: stderr all=off uptime,level,tags

Environment Variables:
PATH=C:\Program Files\NVIDIA GPU Computing Toolkit\CUDA\v10.2\bin;C:\Program Files\NVIDIA GPU Computing Toolkit\CUDA\v10.2\libnvvp;C:\Windows\system32;C:\Windows;C:\Windows\System32\Wbem;C:\Windows\System32\WindowsPowerShell\v1.0\;C:\Windows\System32\OpenSSH\;E:\matlab\matlab2019a\bin;C:\Program Files\NVIDIA Corporation\Nsight Compute 2019.5.0\;C:\Program Files (x86)\NVIDIA Corporation\PhysX\Common;C:\Program Files\NVIDIA Corporation\NVIDIA NvDLISR;C:\Program Files\NVIDIA Corporation\NVSMI;F:\Git\Git\cmd;F:\cmake self\bin;E:\python\Scripts\;E:\python\;F:\Anaconda_;F:\Anaconda_\Library\mingw-w64\bin;F:\Anaconda_\Library\usr\bin;F:\Anaconda_\Library\bin;F:\Anaconda_\Scripts;C:\Users\kidominox\AppData\Local\Microsoft\WindowsApps;C:\Users\kidominox\AppData\Local\Programs\Microsoft VS Code\bin;E:\javaJDK\bin;F:\vscode\Microsoft VS Code\bin
USERNAME=kidominox
OS=Windows_NT
PROCESSOR_IDENTIFIER=Intel64 Family 6 Model 142 Stepping 10, GenuineIntel



---------------  S Y S T E M  ---------------

OS: Windows 10 , 64 bit Build 19041 (10.0.19041.1023)
OS uptime: 0 days 14:25 hours

CPU:total 8 (initial active 8) (4 cores per cpu, 2 threads per core) family 6 model 142 stepping 10, cmov, cx8, fxsr, mmx, sse, sse2, sse3, ssse3, sse4.1, sse4.2, popcnt, avx, avx2, aes, clmul, erms, 3dnowpref, lzcnt, ht, tsc, tscinvbit, bmi1, bmi2, adx, fma

Memory: 4k page, system-wide physical 8075M (3441M free)
TotalPageFile size 17291M (AvailPageFile size 8332M)
current process WorkingSet (physical memory assigned to process): 408M, peak: 409M
current process commit charge ("private bytes"): 446M, peak: 447M

vm_info: OpenJDK 64-Bit Server VM (11.0.8+10-b944.6842174) for windows-amd64 JRE (11.0.8+10-b944.6842174), built on Sep 19 2020 01:11:42 by "builder" with MS VC++ 14.0 (VS2015)

END.
